<?xml version="1.0" encoding="UTF-8"?>
<testsuite name="GroceryItemTest" tests="1" skipped="0" failures="0" errors="0" timestamp="2022-10-02T02:11:09" hostname="Allisons-MBP.attlocal.net" time="0.024">
  <properties/>
  <testcase name="grapesShouldHaveAPriceOf4AfterA20PercentSale()" classname="GroceryItemTest" time="0.024"/>
  <system-out><![CDATA[]]></system-out>
  <system-err><![CDATA[]]></system-err>
</testsuite>
